\BOOKMARK [1][-]{section.1}{Introduction}{}% 1
\BOOKMARK [2][-]{subsection.1.1}{What is Poemage}{section.1}% 2
\BOOKMARK [2][-]{subsection.1.2}{Problem}{section.1}% 3
\BOOKMARK [2][-]{subsection.1.3}{Purpose and Importance}{section.1}% 4
\BOOKMARK [1][-]{section.2}{Related Work}{}% 5
\BOOKMARK [1][-]{section.3}{Description of Algorithm}{}% 6
\BOOKMARK [1][-]{section.4}{Method}{}% 7
\BOOKMARK [2][-]{subsection.4.1}{Method Overview}{section.4}% 8
\BOOKMARK [2][-]{subsection.4.2}{Usability Evaluation}{section.4}% 9
\BOOKMARK [2][-]{subsection.4.3}{Poemage With Different Languages}{section.4}% 10
\BOOKMARK [1][-]{section.5}{Enhancements}{}% 11
\BOOKMARK [2][-]{subsection.5.1}{Colored Background Text Highlighting}{section.5}% 12
\BOOKMARK [2][-]{subsection.5.2}{On-Hover Functionality and Text Spacing for Filters Window}{section.5}% 13
\BOOKMARK [2][-]{subsection.5.3}{Arrow to Indicate Scrollable Filters Menu}{section.5}% 14
\BOOKMARK [2][-]{subsection.5.4}{Remove Mode Buttons}{section.5}% 15
\BOOKMARK [2][-]{subsection.5.5}{Support for Multiple Languages}{section.5}% 16
\BOOKMARK [1][-]{section.6}{Results and Performance}{}% 17
\BOOKMARK [2][-]{subsection.6.1}{Method Overview}{section.6}% 18
\BOOKMARK [2][-]{subsection.6.2}{Usability Evaluation}{section.6}% 19
\BOOKMARK [2][-]{subsection.6.3}{Tasks, Metrics, and Users}{section.6}% 20
\BOOKMARK [2][-]{subsection.6.4}{Poemage With Different Languages}{section.6}% 21
\BOOKMARK [2][-]{subsection.6.5}{Performance Analysis}{section.6}% 22
\BOOKMARK [1][-]{section.7}{Conclusions and Future Work}{}% 23
